TN:
SF:src/Fire.ts
FN:67,Fire
FN:126,update
FN:140,get time
FN:144,set time
FN:159,get fireColor
FN:163,set fireColor
FN:173,get magnitude
FN:177,set magnitude
FN:187,get lacunarity
FN:191,set lacunarity
FN:201,get gain
FN:205,set gain
FNF:12
FNH:12
FNDA:21,Fire
FNDA:3,update
FNDA:3,get time
FNDA:2,set time
FNDA:1,get fireColor
FNDA:3,set fireColor
FNDA:1,get magnitude
FNDA:1,set magnitude
FNDA:1,get lacunarity
FNDA:1,set lacunarity
FNDA:1,get gain
FNDA:1,set gain
DA:1,1
DA:13,1
DA:58,1
DA:60,1
DA:67,1
DA:68,21
DA:69,21
DA:70,21
DA:71,21
DA:72,21
DA:73,21
DA:74,21
DA:75,21
DA:76,21
DA:77,21
DA:79,21
DA:80,21
DA:81,21
DA:82,21
DA:83,21
DA:84,21
DA:85,21
DA:86,21
DA:87,21
DA:88,21
DA:89,21
DA:90,21
DA:91,21
DA:92,21
DA:93,21
DA:94,21
DA:95,21
DA:96,21
DA:97,21
DA:98,21
DA:99,21
DA:100,21
DA:101,21
DA:103,21
DA:106,21
DA:107,21
DA:108,21
DA:126,1
DA:127,3
DA:128,2
DA:129,2
DA:130,2
DA:132,3
DA:133,3
DA:134,3
DA:135,3
DA:140,1
DA:141,3
DA:142,3
DA:144,1
DA:145,2
DA:146,2
DA:147,2
DA:159,1
DA:160,1
DA:161,1
DA:163,1
DA:164,3
DA:165,3
DA:173,1
DA:174,1
DA:175,1
DA:177,1
DA:178,1
DA:179,1
DA:187,1
DA:188,1
DA:189,1
DA:191,1
DA:192,1
DA:193,1
DA:201,1
DA:202,1
DA:203,1
DA:205,1
DA:206,1
DA:207,1
DA:208,1
LF:83
LH:83
BRDA:67,0,0,21
BRDA:86,1,0,1
BRDA:86,2,0,20
BRDA:126,3,0,3
BRDA:127,4,0,2
BRDA:140,5,0,3
BRDA:144,6,0,2
BRDA:159,7,0,1
BRDA:163,8,0,3
BRDA:164,9,0,1
BRDA:164,10,0,2
BRDA:173,11,0,1
BRDA:177,12,0,1
BRDA:187,13,0,1
BRDA:191,14,0,1
BRDA:201,15,0,1
BRDA:205,16,0,1
BRF:17
BRH:17
end_of_record
TN:
SF:src/FireComponent.tsx
FN:9,useTexture
FN:132,get fire
FN:135,update
FN:178,useFire
FN:186,update
FNF:5
FNH:3
FNDA:16,useTexture
FNDA:0,get fire
FNDA:0,update
FNDA:2,useFire
FNDA:2,update
DA:1,1
DA:2,1
DA:3,1
DA:4,1
DA:9,1
DA:12,1
DA:80,1
DA:81,1
DA:82,17
DA:83,17
DA:84,17
DA:85,17
DA:86,17
DA:87,17
DA:88,17
DA:89,17
DA:90,17
DA:91,17
DA:92,17
DA:93,17
DA:94,17
DA:95,17
DA:96,17
DA:97,17
DA:98,17
DA:101,17
DA:102,17
DA:105,17
DA:106,17
DA:107,16
DA:108,16
DA:109,16
DA:110,16
DA:111,16
DA:112,16
DA:113,16
DA:114,16
DA:115,16
DA:116,17
DA:117,17
DA:120,17
DA:121,16
DA:122,0
DA:123,0
DA:124,0
DA:125,0
DA:126,17
DA:129,17
DA:130,17
DA:131,17
DA:132,3
DA:133,0
DA:134,0
DA:135,3
DA:136,0
DA:137,0
DA:138,0
DA:139,0
DA:140,3
DA:141,17
DA:142,17
DA:144,17
DA:145,17
DA:146,17
DA:147,17
DA:149,17
DA:150,1
DA:152,1
DA:178,1
DA:179,2
DA:180,2
DA:182,2
DA:184,2
DA:186,2
DA:187,2
DA:188,2
LF:76
LH:66
BRDA:9,0,0,16
BRDA:81,1,0,17
BRDA:101,2,0,1
BRDA:101,3,0,15
BRDA:102,4,0,1
BRDA:102,5,0,15
BRDA:106,6,0,16
BRDA:108,7,0,0
BRDA:120,8,0,16
BRDA:121,9,0,2
BRDA:121,10,0,0
BRDA:131,11,0,3
BRDA:178,12,0,2
BRDA:184,13,0,0
BRDA:186,14,0,2
BRDA:186,15,0,0
BRF:16
BRH:12
end_of_record
TN:
SF:src/FireShader.ts
FNF:0
FNH:0
DA:1,1
DA:46,1
DA:47,1
DA:48,1
DA:49,1
DA:50,1
DA:52,1
DA:53,1
DA:54,1
DA:55,1
DA:56,1
DA:57,1
DA:58,1
DA:59,1
DA:60,1
DA:61,1
DA:62,1
DA:63,1
DA:65,1
DA:74,1
DA:223,1
LF:21
LH:21
BRF:0
BRH:0
end_of_record
TN:
SF:src/index.ts
FN:1,(empty-report)
FNF:1
FNH:1
FNDA:1,(empty-report)
DA:28,0
DA:30,0
DA:34,0
DA:38,0
LF:4
LH:0
BRDA:1,0,0,1
BRF:1
BRH:1
end_of_record
