TN:
SF:src/Fire.ts
FN:67,Fire
FN:126,update
FN:140,get time
FN:144,set time
FN:159,get fireColor
FN:163,set fireColor
FN:173,get magnitude
FN:177,set magnitude
FN:187,get lacunarity
FN:191,set lacunarity
FN:201,get gain
FN:205,set gain
FNF:12
FNH:12
FNDA:21,Fire
FNDA:3,update
FNDA:3,get time
FNDA:2,set time
FNDA:1,get fireColor
FNDA:3,set fireColor
FNDA:1,get magnitude
FNDA:1,set magnitude
FNDA:1,get lacunarity
FNDA:1,set lacunarity
FNDA:1,get gain
FNDA:1,set gain
DA:1,1
DA:13,1
DA:58,1
DA:60,1
DA:67,1
DA:68,21
DA:69,21
DA:70,21
DA:71,21
DA:72,21
DA:73,21
DA:74,21
DA:75,21
DA:76,21
DA:77,21
DA:79,21
DA:80,21
DA:81,21
DA:82,21
DA:83,21
DA:84,21
DA:85,21
DA:86,21
DA:87,21
DA:88,21
DA:89,21
DA:90,21
DA:91,21
DA:92,21
DA:93,21
DA:94,21
DA:95,21
DA:96,21
DA:97,21
DA:98,21
DA:99,21
DA:100,21
DA:101,21
DA:103,21
DA:106,21
DA:107,21
DA:108,21
DA:126,1
DA:127,3
DA:128,2
DA:129,2
DA:130,2
DA:132,3
DA:133,3
DA:134,3
DA:135,3
DA:140,1
DA:141,3
DA:142,3
DA:144,1
DA:145,2
DA:146,2
DA:147,2
DA:159,1
DA:160,1
DA:161,1
DA:163,1
DA:164,3
DA:165,3
DA:173,1
DA:174,1
DA:175,1
DA:177,1
DA:178,1
DA:179,1
DA:187,1
DA:188,1
DA:189,1
DA:191,1
DA:192,1
DA:193,1
DA:201,1
DA:202,1
DA:203,1
DA:205,1
DA:206,1
DA:207,1
DA:208,1
LF:83
LH:83
BRDA:67,0,0,21
BRDA:86,1,0,1
BRDA:86,2,0,20
BRDA:126,3,0,3
BRDA:127,4,0,2
BRDA:140,5,0,3
BRDA:144,6,0,2
BRDA:159,7,0,1
BRDA:163,8,0,3
BRDA:164,9,0,1
BRDA:164,10,0,2
BRDA:173,11,0,1
BRDA:177,12,0,1
BRDA:187,13,0,1
BRDA:191,14,0,1
BRDA:201,15,0,1
BRDA:205,16,0,1
BRF:17
BRH:17
end_of_record
TN:
SF:src/FireComponent.tsx
FN:9,useTexture
FN:132,get fire
FN:135,update
FN:178,useFire
FN:186,update
FNF:5
FNH:3
FNDA:16,useTexture
FNDA:0,get fire
FNDA:0,update
FNDA:2,useFire
FNDA:2,update
DA:1,1
DA:2,1
DA:3,1
DA:4,1
DA:9,1
DA:12,1
DA:80,1
DA:81,1
DA:82,17
DA:83,17
DA:84,17
DA:85,17
DA:86,17
DA:87,17
DA:88,17
DA:89,17
DA:90,17
DA:91,17
DA:92,17
DA:93,17
DA:94,17
DA:95,17
DA:96,17
DA:97,17
DA:98,17
DA:101,17
DA:102,17
DA:105,17
DA:106,17
DA:107,16
DA:108,16
DA:109,16
DA:110,16
DA:111,16
DA:112,16
DA:113,16
DA:114,16
DA:115,16
DA:116,17
DA:117,17
DA:120,17
DA:121,16
DA:122,0
DA:123,0
DA:124,0
DA:125,0
DA:126,17
DA:129,17
DA:130,17
DA:131,17
DA:132,3
DA:133,0
DA:134,0
DA:135,3
DA:136,0
DA:137,0
DA:138,0
DA:139,0
DA:140,3
DA:141,17
DA:142,17
DA:144,17
DA:145,17
DA:146,17
DA:147,17
DA:149,17
DA:150,1
DA:152,1
DA:178,1
DA:179,2
DA:180,2
DA:182,2
DA:184,2
DA:186,2
DA:187,2
DA:188,2
LF:76
LH:66
BRDA:9,0,0,16
BRDA:81,1,0,17
BRDA:101,2,0,1
BRDA:101,3,0,15
BRDA:102,4,0,1
BRDA:102,5,0,15
BRDA:106,6,0,16
BRDA:108,7,0,0
BRDA:120,8,0,16
BRDA:121,9,0,2
BRDA:121,10,0,0
BRDA:131,11,0,3
BRDA:178,12,0,2
BRDA:184,13,0,0
BRDA:186,14,0,2
BRDA:186,15,0,0
BRF:16
BRH:12
end_of_record
TN:
SF:src/FireShader.ts
FNF:0
FNH:0
DA:1,1
DA:46,1
DA:47,1
DA:48,1
DA:49,1
DA:50,1
DA:52,1
DA:53,1
DA:54,1
DA:55,1
DA:56,1
DA:57,1
DA:58,1
DA:59,1
DA:60,1
DA:61,1
DA:62,1
DA:63,1
DA:65,1
DA:74,1
DA:223,1
LF:21
LH:21
BRF:0
BRH:0
end_of_record
TN:
SF:src/NodeFire.ts
FN:66,NodeFire
FN:121,update
FN:133,get time
FN:137,set time
FN:152,get fireColor
FN:156,set fireColor
FN:166,get magnitude
FN:170,set magnitude
FN:180,get lacunarity
FN:184,set lacunarity
FN:194,get gain
FN:198,set gain
FN:205,get fireTex
FN:209,set fireTex
FN:220,get noiseScale
FN:224,set noiseScale
FN:231,get seed
FN:235,set seed
FN:242,get iterations
FN:249,get octaves
FNF:20
FNH:0
FNDA:0,NodeFire
FNDA:0,update
FNDA:0,get time
FNDA:0,set time
FNDA:0,get fireColor
FNDA:0,set fireColor
FNDA:0,get magnitude
FNDA:0,set magnitude
FNDA:0,get lacunarity
FNDA:0,set lacunarity
FNDA:0,get gain
FNDA:0,set gain
FNDA:0,get fireTex
FNDA:0,set fireTex
FNDA:0,get noiseScale
FNDA:0,set noiseScale
FNDA:0,get seed
FNDA:0,set seed
FNDA:0,get iterations
FNDA:0,get octaves
DA:1,1
DA:11,1
DA:56,1
DA:58,1
DA:66,1
DA:67,0
DA:68,0
DA:69,0
DA:70,0
DA:71,0
DA:72,0
DA:73,0
DA:74,0
DA:75,0
DA:76,0
DA:79,0
DA:80,0
DA:81,0
DA:82,0
DA:83,0
DA:84,0
DA:85,0
DA:86,0
DA:87,0
DA:88,0
DA:89,0
DA:90,0
DA:93,0
DA:95,0
DA:98,0
DA:101,0
DA:102,0
DA:103,0
DA:121,1
DA:122,0
DA:123,0
DA:124,0
DA:125,0
DA:127,0
DA:128,0
DA:133,1
DA:134,0
DA:135,0
DA:137,1
DA:138,0
DA:139,0
DA:140,0
DA:152,1
DA:153,0
DA:154,0
DA:156,1
DA:157,0
DA:158,0
DA:166,1
DA:167,0
DA:168,0
DA:170,1
DA:171,0
DA:172,0
DA:180,1
DA:181,0
DA:182,0
DA:184,1
DA:185,0
DA:186,0
DA:194,1
DA:195,0
DA:196,0
DA:198,1
DA:199,0
DA:200,0
DA:205,1
DA:206,0
DA:207,0
DA:209,1
DA:210,0
DA:211,0
DA:212,0
DA:213,0
DA:214,0
DA:215,0
DA:220,1
DA:221,0
DA:222,0
DA:224,1
DA:225,0
DA:226,0
DA:231,1
DA:232,0
DA:233,0
DA:235,1
DA:236,0
DA:237,0
DA:242,1
DA:243,0
DA:244,0
DA:249,1
DA:250,0
DA:251,0
DA:252,1
LF:100
LH:25
BRF:0
BRH:0
end_of_record
TN:
SF:src/NodeFireComponent.tsx
FN:9,useTexture
FN:168,useNodeFire
FNF:2
FNH:0
FNDA:0,useTexture
FNDA:0,useNodeFire
DA:1,1
DA:2,1
DA:3,1
DA:4,1
DA:9,1
DA:12,1
DA:70,1
DA:71,1
DA:72,0
DA:73,0
DA:74,0
DA:75,0
DA:76,0
DA:77,0
DA:78,0
DA:79,0
DA:80,0
DA:81,0
DA:82,0
DA:83,0
DA:84,0
DA:85,0
DA:86,0
DA:87,0
DA:88,0
DA:91,0
DA:92,0
DA:95,0
DA:96,0
DA:97,0
DA:98,0
DA:99,0
DA:100,0
DA:101,0
DA:102,0
DA:103,0
DA:104,0
DA:105,0
DA:106,0
DA:107,0
DA:110,0
DA:111,0
DA:112,0
DA:113,0
DA:114,0
DA:115,0
DA:116,0
DA:119,0
DA:120,0
DA:121,0
DA:122,0
DA:123,0
DA:124,0
DA:125,0
DA:126,0
DA:127,0
DA:128,0
DA:129,0
DA:130,0
DA:131,0
DA:132,0
DA:134,0
DA:135,0
DA:136,0
DA:137,0
DA:139,0
DA:140,1
DA:142,1
DA:168,1
DA:169,0
DA:170,0
DA:172,0
DA:174,0
DA:176,0
DA:177,0
DA:178,0
LF:76
LH:11
BRF:0
BRH:0
end_of_record
TN:
SF:src/NodeFireShader.ts
FN:87,createUniforms
FN:103,createMaterial
FNF:2
FNH:0
FNDA:0,createUniforms
FNDA:0,createMaterial
DA:1,1
DA:14,1
DA:15,1
DA:16,1
DA:52,1
DA:55,0
DA:56,0
DA:57,0
DA:58,0
DA:61,0
DA:62,0
DA:63,0
DA:66,0
DA:69,0
DA:72,0
DA:74,0
DA:83,1
DA:87,1
DA:88,0
DA:89,0
DA:90,0
DA:91,0
DA:92,0
DA:93,0
DA:94,0
DA:95,0
DA:96,0
DA:97,0
DA:98,0
DA:103,1
DA:105,0
DA:106,0
DA:107,0
DA:108,0
DA:111,0
DA:112,0
DA:115,0
DA:116,0
DA:117,0
DA:118,0
DA:119,0
DA:120,0
DA:121,0
DA:124,0
DA:126,0
DA:129,0
DA:130,0
DA:131,0
DA:134,0
DA:136,0
DA:137,0
DA:138,0
DA:139,0
DA:140,0
DA:141,0
DA:142,0
DA:145,0
DA:146,0
DA:148,0
DA:150,0
DA:153,0
DA:154,0
DA:155,0
DA:157,0
DA:158,0
DA:159,1
LF:66
LH:9
BRF:0
BRH:0
end_of_record
TN:
SF:src/index.ts
FNF:0
FNH:0
DA:40,1
DA:42,1
DA:46,1
DA:48,1
DA:52,1
DA:56,1
DA:65,1
DA:67,1
LF:8
LH:8
BRF:0
BRH:0
end_of_record
TN:
SF:src/react-tsl.ts
FNF:0
FNH:0
DA:20,1
DA:23,1
LF:2
LH:2
BRF:0
BRH:0
end_of_record
TN:
SF:src/react.ts
FNF:0
FNH:0
DA:22,1
LF:1
LH:1
BRF:0
BRH:0
end_of_record
TN:
SF:src/tsl.ts
FNF:0
FNH:0
DA:18,1
DA:19,1
LF:2
LH:2
BRF:0
BRH:0
end_of_record
TN:
SF:src/vanilla-tsl.ts
FNF:0
FNH:0
DA:20,1
DA:21,1
DA:24,1
DA:25,1
LF:4
LH:4
BRF:0
BRH:0
end_of_record
TN:
SF:src/vanilla.ts
FNF:0
FNH:0
DA:18,1
DA:19,1
LF:2
LH:2
BRF:0
BRH:0
end_of_record
